\BOOKMARK [0][-]{chapter.1}{\376\377\000A\000P\000I\000\040\000R\000e\000f\000e\000r\000e\000n\000c\000e}{}% 1
\BOOKMARK [1][-]{section.1.1}{\376\377\000r\000o\000b\000o\000t\000l\000i\000b\000r\000a\000r\000y}{chapter.1}% 2
\BOOKMARK [2][-]{subsection.1.1.1}{\376\377\000S\000u\000b\000p\000a\000c\000k\000a\000g\000e\000s}{section.1.1}% 3
\BOOKMARK [3][-]{subsubsection*.4}{\376\377\000r\000o\000b\000o\000t\000l\000i\000b\000r\000a\000r\000y\000.\000b\000l\000u\000e\000t\000o\000o\000t\000h}{subsection.1.1.1}% 4
\BOOKMARK [4][-]{paragraph*.5}{\376\377\000S\000u\000b\000m\000o\000d\000u\000l\000e\000s}{subsubsection*.4}% 5
\BOOKMARK [5][-]{subparagraph*.6}{\376\377\000r\000o\000b\000o\000t\000l\000i\000b\000r\000a\000r\000y\000.\000b\000l\000u\000e\000t\000o\000o\000t\000h\000.\000a\000d\000v\000e\000r\000t\000i\000s\000i\000n\000g}{paragraph*.5}% 6
\BOOKMARK [5][-]{subparagraph*.7}{\376\377\000M\000o\000d\000u\000l\000e\000\040\000C\000o\000n\000t\000e\000n\000t\000s}{paragraph*.5}% 7
\BOOKMARK [5][-]{subparagraph*.8}{\376\377\000F\000u\000n\000c\000t\000i\000o\000n\000s}{paragraph*.5}% 8
\BOOKMARK [5][-]{subparagraph*.9}{\376\377\000A\000t\000t\000r\000i\000b\000u\000t\000e\000s}{paragraph*.5}% 9
\BOOKMARK [5][-]{subparagraph*.14}{\376\377\000r\000o\000b\000o\000t\000l\000i\000b\000r\000a\000r\000y\000.\000b\000l\000u\000e\000t\000o\000o\000t\000h\000.\000b\000l\000e\000\137\000f\000l\000a\000g\000s}{paragraph*.5}% 10
\BOOKMARK [5][-]{subparagraph*.15}{\376\377\000M\000o\000d\000u\000l\000e\000\040\000C\000o\000n\000t\000e\000n\000t\000s}{paragraph*.5}% 11
\BOOKMARK [5][-]{subparagraph*.75}{\376\377\000r\000o\000b\000o\000t\000l\000i\000b\000r\000a\000r\000y\000.\000b\000l\000u\000e\000t\000o\000o\000t\000h\000.\000b\000l\000e\000\137\000s\000e\000r\000v\000i\000c\000e\000s\000\137\000d\000e\000f\000i\000n\000i\000t\000i\000o\000n\000s}{paragraph*.5}% 12
\BOOKMARK [5][-]{subparagraph*.76}{\376\377\000M\000o\000d\000u\000l\000e\000\040\000C\000o\000n\000t\000e\000n\000t\000s}{paragraph*.5}% 13
\BOOKMARK [5][-]{subparagraph*.85}{\376\377\000r\000o\000b\000o\000t\000l\000i\000b\000r\000a\000r\000y\000.\000b\000l\000u\000e\000t\000o\000o\000t\000h\000.\000c\000e\000n\000t\000r\000a\000l}{paragraph*.5}% 14
\BOOKMARK [5][-]{subparagraph*.86}{\376\377\000M\000o\000d\000u\000l\000e\000\040\000C\000o\000n\000t\000e\000n\000t\000s}{paragraph*.5}% 15
\BOOKMARK [5][-]{subparagraph*.87}{\376\377\000C\000l\000a\000s\000s\000e\000s}{paragraph*.5}% 16
\BOOKMARK [5][-]{subparagraph*.102}{\376\377\000r\000o\000b\000o\000t\000l\000i\000b\000r\000a\000r\000y\000.\000b\000l\000u\000e\000t\000o\000o\000t\000h\000.\000m\000a\000i\000n\000\137\000c\000e\000n\000t\000r\000a\000l}{paragraph*.5}% 17
\BOOKMARK [5][-]{subparagraph*.103}{\376\377\000M\000o\000d\000u\000l\000e\000\040\000C\000o\000n\000t\000e\000n\000t\000s}{paragraph*.5}% 18
\BOOKMARK [5][-]{subparagraph*.104}{\376\377\000F\000u\000n\000c\000t\000i\000o\000n\000s}{paragraph*.5}% 19
\BOOKMARK [5][-]{subparagraph*.107}{\376\377\000r\000o\000b\000o\000t\000l\000i\000b\000r\000a\000r\000y\000.\000b\000l\000u\000e\000t\000o\000o\000t\000h\000.\000m\000a\000i\000n\000\137\000p\000e\000r\000i\000p\000h\000e\000r\000a\000l}{paragraph*.5}% 20
\BOOKMARK [5][-]{subparagraph*.108}{\376\377\000M\000o\000d\000u\000l\000e\000\040\000C\000o\000n\000t\000e\000n\000t\000s}{paragraph*.5}% 21
\BOOKMARK [5][-]{subparagraph*.109}{\376\377\000F\000u\000n\000c\000t\000i\000o\000n\000s}{paragraph*.5}% 22
\BOOKMARK [5][-]{subparagraph*.111}{\376\377\000r\000o\000b\000o\000t\000l\000i\000b\000r\000a\000r\000y\000.\000b\000l\000u\000e\000t\000o\000o\000t\000h\000.\000p\000a\000r\000s\000e\000r}{paragraph*.5}% 23
\BOOKMARK [5][-]{subparagraph*.112}{\376\377\000M\000o\000d\000u\000l\000e\000\040\000C\000o\000n\000t\000e\000n\000t\000s}{paragraph*.5}% 24
\BOOKMARK [5][-]{subparagraph*.113}{\376\377\000F\000u\000n\000c\000t\000i\000o\000n\000s}{paragraph*.5}% 25
\BOOKMARK [5][-]{subparagraph*.116}{\376\377\000r\000o\000b\000o\000t\000l\000i\000b\000r\000a\000r\000y\000.\000b\000l\000u\000e\000t\000o\000o\000t\000h\000.\000p\000e\000r\000i\000p\000h\000e\000r\000a\000l}{paragraph*.5}% 26
\BOOKMARK [5][-]{subparagraph*.117}{\376\377\000M\000o\000d\000u\000l\000e\000\040\000C\000o\000n\000t\000e\000n\000t\000s}{paragraph*.5}% 27
\BOOKMARK [5][-]{subparagraph*.118}{\376\377\000C\000l\000a\000s\000s\000e\000s}{paragraph*.5}% 28
\BOOKMARK [2][-]{subsection.1.1.2}{\376\377\000S\000u\000b\000m\000o\000d\000u\000l\000e\000s}{section.1.1}% 29
\BOOKMARK [3][-]{subsubsection*.129}{\376\377\000r\000o\000b\000o\000t\000l\000i\000b\000r\000a\000r\000y\000.\000c\000o\000n\000f\000i\000g}{subsection.1.1.2}% 30
\BOOKMARK [4][-]{paragraph*.130}{\376\377\000M\000o\000d\000u\000l\000e\000\040\000C\000o\000n\000t\000e\000n\000t\000s}{subsubsection*.129}% 31
\BOOKMARK [3][-]{subsubsection*.147}{\376\377\000r\000o\000b\000o\000t\000l\000i\000b\000r\000a\000r\000y\000.\000i\000n\000f\000r\000a\000r\000e\000d}{subsection.1.1.2}% 32
\BOOKMARK [4][-]{paragraph*.148}{\376\377\000M\000o\000d\000u\000l\000e\000\040\000C\000o\000n\000t\000e\000n\000t\000s}{subsubsection*.147}% 33
\BOOKMARK [5][-]{subparagraph*.149}{\376\377\000C\000l\000a\000s\000s\000e\000s}{paragraph*.148}% 34
\BOOKMARK [3][-]{subsubsection*.153}{\376\377\000r\000o\000b\000o\000t\000l\000i\000b\000r\000a\000r\000y\000.\000j\000o\000y\000s\000t\000i\000c\000k}{subsection.1.1.2}% 35
\BOOKMARK [4][-]{paragraph*.154}{\376\377\000M\000o\000d\000u\000l\000e\000\040\000C\000o\000n\000t\000e\000n\000t\000s}{subsubsection*.153}% 36
\BOOKMARK [5][-]{subparagraph*.155}{\376\377\000C\000l\000a\000s\000s\000e\000s}{paragraph*.154}% 37
\BOOKMARK [5][-]{subparagraph*.156}{\376\377\000A\000t\000t\000r\000i\000b\000u\000t\000e\000s}{paragraph*.154}% 38
\BOOKMARK [3][-]{subsubsection*.163}{\376\377\000r\000o\000b\000o\000t\000l\000i\000b\000r\000a\000r\000y\000.\000m\000o\000t\000o\000r}{subsection.1.1.2}% 39
\BOOKMARK [4][-]{paragraph*.164}{\376\377\000M\000o\000d\000u\000l\000e\000\040\000C\000o\000n\000t\000e\000n\000t\000s}{subsubsection*.163}% 40
\BOOKMARK [5][-]{subparagraph*.165}{\376\377\000C\000l\000a\000s\000s\000e\000s}{paragraph*.164}% 41
\BOOKMARK [3][-]{subsubsection*.172}{\376\377\000r\000o\000b\000o\000t\000l\000i\000b\000r\000a\000r\000y\000.\000r\000c}{subsection.1.1.2}% 42
\BOOKMARK [4][-]{paragraph*.173}{\376\377\000M\000o\000d\000u\000l\000e\000\040\000C\000o\000n\000t\000e\000n\000t\000s}{subsubsection*.172}% 43
\BOOKMARK [5][-]{subparagraph*.174}{\376\377\000C\000l\000a\000s\000s\000e\000s}{paragraph*.173}% 44
\BOOKMARK [5][-]{subparagraph*.175}{\376\377\000F\000u\000n\000c\000t\000i\000o\000n\000s}{paragraph*.173}% 45
\BOOKMARK [3][-]{subsubsection*.183}{\376\377\000r\000o\000b\000o\000t\000l\000i\000b\000r\000a\000r\000y\000.\000r\000o\000b\000o\000t}{subsection.1.1.2}% 46
\BOOKMARK [4][-]{paragraph*.184}{\376\377\000M\000o\000d\000u\000l\000e\000\040\000C\000o\000n\000t\000e\000n\000t\000s}{subsubsection*.183}% 47
\BOOKMARK [5][-]{subparagraph*.185}{\376\377\000C\000l\000a\000s\000s\000e\000s}{paragraph*.184}% 48
\BOOKMARK [3][-]{subsubsection*.207}{\376\377\000r\000o\000b\000o\000t\000l\000i\000b\000r\000a\000r\000y\000.\000r\000o\000t\000a\000r\000y}{subsection.1.1.2}% 49
\BOOKMARK [4][-]{paragraph*.208}{\376\377\000M\000o\000d\000u\000l\000e\000\040\000C\000o\000n\000t\000e\000n\000t\000s}{subsubsection*.207}% 50
\BOOKMARK [5][-]{subparagraph*.209}{\376\377\000C\000l\000a\000s\000s\000e\000s}{paragraph*.208}% 51
\BOOKMARK [3][-]{subsubsection*.217}{\376\377\000r\000o\000b\000o\000t\000l\000i\000b\000r\000a\000r\000y\000.\000s\000e\000r\000v\000o}{subsection.1.1.2}% 52
\BOOKMARK [4][-]{paragraph*.218}{\376\377\000M\000o\000d\000u\000l\000e\000\040\000C\000o\000n\000t\000e\000n\000t\000s}{subsubsection*.217}% 53
\BOOKMARK [5][-]{subparagraph*.219}{\376\377\000C\000l\000a\000s\000s\000e\000s}{paragraph*.218}% 54
\BOOKMARK [3][-]{subsubsection*.223}{\376\377\000r\000o\000b\000o\000t\000l\000i\000b\000r\000a\000r\000y\000.\000u\000l\000t\000r\000a\000s\000o\000n\000i\000c}{subsection.1.1.2}% 55
\BOOKMARK [4][-]{paragraph*.224}{\376\377\000M\000o\000d\000u\000l\000e\000\040\000C\000o\000n\000t\000e\000n\000t\000s}{subsubsection*.223}% 56
\BOOKMARK [5][-]{subparagraph*.225}{\376\377\000C\000l\000a\000s\000s\000e\000s}{paragraph*.224}% 57
\BOOKMARK [1][-]{section.1.2}{\376\377\000c\000o\000n\000f}{chapter.1}% 58
\BOOKMARK [2][-]{subsection.1.2.1}{\376\377\000M\000o\000d\000u\000l\000e\000\040\000C\000o\000n\000t\000e\000n\000t\000s}{section.1.2}% 59
\BOOKMARK [0][-]{chapter.2}{\376\377\000I\000n\000d\000i\000c\000e\000s\000\040\000a\000n\000d\000\040\000t\000a\000b\000l\000e\000s}{}% 60
\BOOKMARK [0][-]{section*.238}{\376\377\000P\000y\000t\000h\000o\000n\000\040\000M\000o\000d\000u\000l\000e\000\040\000I\000n\000d\000e\000x}{}% 61
\BOOKMARK [0][-]{section*.239}{\376\377\000I\000n\000d\000e\000x}{}% 62
